app/build/outputs/logs/manifest-merger-debug-report.txt
-- Merging decision tree log ---
manifest
ADDED from AndroidManifest.xml:2:1
	xmlns:android
		ADDED from AndroidManifest.xml:3:11
	package
		ADDED from AndroidManifest.xml:2:11
	android:versionName
		ADDED from AndroidManifest.xml:5:11
	android:versionCode
		ADDED from AndroidManifest.xml:4:11
		INJECTED from AndroidManifest.xml:0:0
		INJECTED from AndroidManifest.xml:0:0
uses-permission#android.permission.WRITE_EXTERNAL_STORAGE
ADDED from AndroidManifest.xml:7:3
MERGED from com.commonsware.cwac:cam2:0.2.3:10:5
	android:name
		ADDED from AndroidManifest.xml:7:20
supports-screens
ADDED from AndroidManifest.xml:9:3
	android:largeScreens
		ADDED from AndroidManifest.xml:11:5
	android:anyDensity
		ADDED from AndroidManifest.xml:10:5
	android:normalScreens
		ADDED from AndroidManifest.xml:12:5
	android:xlargeScreens
		ADDED from AndroidManifest.xml:14:5
	android:smallScreens
		ADDED from AndroidManifest.xml:13:5
application
ADDED from AndroidManifest.xml:16:3
MERGED from com.commonsware.cwac:cam2:0.2.3:26:5
MERGED from com.github.clans:fab:1.6.1:12:5
MERGED from com.githang:com-phillipcalvin-iconbutton:1.0.1:11:5
	android:label
		ADDED from AndroidManifest.xml:18:5
	android:icon
		ADDED from AndroidManifest.xml:17:5
	android:theme
		ADDED from AndroidManifest.xml:19:5
activity#com.commonsware.android.perm.tutorial.MainActivity
ADDED from AndroidManifest.xml:20:5
	android:label
		ADDED from AndroidManifest.xml:22:7
	android:name
		ADDED from AndroidManifest.xml:21:7
intent-filter#android.intent.action.MAIN+android.intent.category.LAUNCHER
ADDED from AndroidManifest.xml:23:7
action#android.intent.action.MAIN
ADDED from AndroidManifest.xml:24:9
	android:name
		ADDED from AndroidManifest.xml:24:17
category#android.intent.category.LAUNCHER
ADDED from AndroidManifest.xml:26:9
	android:name
		ADDED from AndroidManifest.xml:26:19
uses-sdk
INJECTED from AndroidManifest.xml:0:0 reason: use-sdk injection requested
MERGED from com.commonsware.cwac:cam2:0.2.3:5:5
MERGED from com.github.clans:fab:1.6.1:8:5
MERGED from com.githang:com-phillipcalvin-iconbutton:1.0.1:7:5
	android:targetSdkVersion
		INJECTED from AndroidManifest.xml:0:0
		INJECTED from AndroidManifest.xml:0:0
	android:minSdkVersion
		INJECTED from AndroidManifest.xml:0:0
		INJECTED from AndroidManifest.xml:0:0
uses-permission#android.permission.CAMERA
ADDED from com.commonsware.cwac:cam2:0.2.3:9:5
	android:name
		ADDED from com.commonsware.cwac:cam2:0.2.3:9:22
uses-permission#android.permission.RECORD_AUDIO
ADDED from com.commonsware.cwac:cam2:0.2.3:11:5
	android:name
		ADDED from com.commonsware.cwac:cam2:0.2.3:11:22
uses-feature#android.hardware.camera
ADDED from com.commonsware.cwac:cam2:0.2.3:13:5
	android:required
		ADDED from com.commonsware.cwac:cam2:0.2.3:15:9
	android:name
		ADDED from com.commonsware.cwac:cam2:0.2.3:14:9
uses-feature#android.hardware.camera.front
ADDED from com.commonsware.cwac:cam2:0.2.3:16:5
	android:required
		ADDED from com.commonsware.cwac:cam2:0.2.3:18:9
	android:name
		ADDED from com.commonsware.cwac:cam2:0.2.3:17:9
uses-feature#android.hardware.camera.autofocus
ADDED from com.commonsware.cwac:cam2:0.2.3:19:5
	android:required
		ADDED from com.commonsware.cwac:cam2:0.2.3:21:9
	android:name
		ADDED from com.commonsware.cwac:cam2:0.2.3:20:9
uses-feature#android.hardware.microphone
ADDED from com.commonsware.cwac:cam2:0.2.3:22:5
	android:required
		ADDED from com.commonsware.cwac:cam2:0.2.3:24:9
	android:name
		ADDED from com.commonsware.cwac:cam2:0.2.3:23:9
activity#com.commonsware.cwac.cam2.CameraActivity
ADDED from com.commonsware.cwac:cam2:0.2.3:27:9
	android:name
		ADDED from com.commonsware.cwac:cam2:0.2.3:27:19
activity#com.commonsware.cwac.cam2.VideoRecorderActivity
ADDED from com.commonsware.cwac:cam2:0.2.3:28:9
	android:name
		ADDED from com.commonsware.cwac:cam2:0.2.3:28:19